<?xml version="1.0" encoding="UTF-8"?>
<testsuite xmlns:xsi="http://www.w3.org/2001/XMLSchema-instance" xsi:noNamespaceSchemaLocation="https://maven.apache.org/surefire/maven-surefire-plugin/xsd/surefire-test-report-3.0.xsd" version="3.0" name="com.example.AppTest" time="0.037" tests="1" errors="0" skipped="0" failures="0">
  <properties>
    <property name="java.specification.version" value="17"/>
    <property name="sun.cpu.isalist" value="amd64"/>
    <property name="sun.jnu.encoding" value="Cp1251"/>
    <property name="java.class.path" value="C:\Users\Kvazar\Desktop\massanger\target\test-classes;C:\Users\Kvazar\Desktop\massanger\target\classes;C:\Users\Kvazar\.m2\repository\org\openjfx\javafx-controls\20\javafx-controls-20.jar;C:\Users\Kvazar\.m2\repository\org\openjfx\javafx-controls\20\javafx-controls-20-win.jar;C:\Users\Kvazar\.m2\repository\org\openjfx\javafx-graphics\20\javafx-graphics-20.jar;C:\Users\Kvazar\.m2\repository\org\openjfx\javafx-graphics\20\javafx-graphics-20-win.jar;C:\Users\Kvazar\.m2\repository\org\openjfx\javafx-base\20\javafx-base-20.jar;C:\Users\Kvazar\.m2\repository\org\openjfx\javafx-base\20\javafx-base-20-win.jar;C:\Users\Kvazar\.m2\repository\org\openjfx\javafx-web\20\javafx-web-20.jar;C:\Users\Kvazar\.m2\repository\org\openjfx\javafx-web\20\javafx-web-20-win.jar;C:\Users\Kvazar\.m2\repository\org\openjfx\javafx-media\20\javafx-media-20.jar;C:\Users\Kvazar\.m2\repository\org\openjfx\javafx-media\20\javafx-media-20-win.jar;C:\Users\Kvazar\.m2\repository\junit\junit\4.13.2\junit-4.13.2.jar;C:\Users\Kvazar\.m2\repository\org\hamcrest\hamcrest-core\1.3\hamcrest-core-1.3.jar;C:\Users\Kvazar\.m2\repository\io\javalin\javalin\5.1.0\javalin-5.1.0.jar;C:\Users\Kvazar\.m2\repository\org\slf4j\slf4j-api\2.0.3\slf4j-api-2.0.3.jar;C:\Users\Kvazar\.m2\repository\org\eclipse\jetty\jetty-server\11.0.12\jetty-server-11.0.12.jar;C:\Users\Kvazar\.m2\repository\org\eclipse\jetty\toolchain\jetty-jakarta-servlet-api\5.0.2\jetty-jakarta-servlet-api-5.0.2.jar;C:\Users\Kvazar\.m2\repository\org\eclipse\jetty\jetty-http\11.0.12\jetty-http-11.0.12.jar;C:\Users\Kvazar\.m2\repository\org\eclipse\jetty\jetty-util\11.0.12\jetty-util-11.0.12.jar;C:\Users\Kvazar\.m2\repository\org\eclipse\jetty\jetty-io\11.0.12\jetty-io-11.0.12.jar;C:\Users\Kvazar\.m2\repository\org\eclipse\jetty\jetty-webapp\11.0.12\jetty-webapp-11.0.12.jar;C:\Users\Kvazar\.m2\repository\org\eclipse\jetty\jetty-servlet\11.0.12\jetty-servlet-11.0.12.jar;C:\Users\Kvazar\.m2\repository\org\eclipse\jetty\jetty-security\11.0.12\jetty-security-11.0.12.jar;C:\Users\Kvazar\.m2\repository\org\eclipse\jetty\jetty-xml\11.0.12\jetty-xml-11.0.12.jar;C:\Users\Kvazar\.m2\repository\org\eclipse\jetty\websocket\websocket-jetty-server\11.0.12\websocket-jetty-server-11.0.12.jar;C:\Users\Kvazar\.m2\repository\org\eclipse\jetty\websocket\websocket-jetty-common\11.0.12\websocket-jetty-common-11.0.12.jar;C:\Users\Kvazar\.m2\repository\org\eclipse\jetty\websocket\websocket-core-common\11.0.12\websocket-core-common-11.0.12.jar;C:\Users\Kvazar\.m2\repository\org\eclipse\jetty\websocket\websocket-servlet\11.0.12\websocket-servlet-11.0.12.jar;C:\Users\Kvazar\.m2\repository\org\eclipse\jetty\websocket\websocket-core-server\11.0.12\websocket-core-server-11.0.12.jar;C:\Users\Kvazar\.m2\repository\org\eclipse\jetty\jetty-annotations\11.0.12\jetty-annotations-11.0.12.jar;C:\Users\Kvazar\.m2\repository\org\eclipse\jetty\jetty-plus\11.0.12\jetty-plus-11.0.12.jar;C:\Users\Kvazar\.m2\repository\jakarta\transaction\jakarta.transaction-api\2.0.0\jakarta.transaction-api-2.0.0.jar;C:\Users\Kvazar\.m2\repository\org\eclipse\jetty\jetty-jndi\11.0.12\jetty-jndi-11.0.12.jar;C:\Users\Kvazar\.m2\repository\jakarta\annotation\jakarta.annotation-api\2.1.1\jakarta.annotation-api-2.1.1.jar;C:\Users\Kvazar\.m2\repository\org\ow2\asm\asm\9.3\asm-9.3.jar;C:\Users\Kvazar\.m2\repository\org\ow2\asm\asm-commons\9.3\asm-commons-9.3.jar;C:\Users\Kvazar\.m2\repository\org\ow2\asm\asm-tree\9.3\asm-tree-9.3.jar;C:\Users\Kvazar\.m2\repository\org\ow2\asm\asm-analysis\9.3\asm-analysis-9.3.jar;C:\Users\Kvazar\.m2\repository\org\eclipse\jetty\websocket\websocket-jetty-api\11.0.12\websocket-jetty-api-11.0.12.jar;C:\Users\Kvazar\.m2\repository\org\jetbrains\kotlin\kotlin-stdlib-jdk8\1.7.10\kotlin-stdlib-jdk8-1.7.10.jar;C:\Users\Kvazar\.m2\repository\org\jetbrains\kotlin\kotlin-stdlib\1.7.10\kotlin-stdlib-1.7.10.jar;C:\Users\Kvazar\.m2\repository\org\jetbrains\kotlin\kotlin-stdlib-common\1.7.10\kotlin-stdlib-common-1.7.10.jar;C:\Users\Kvazar\.m2\repository\org\jetbrains\annotations\13.0\annotations-13.0.jar;C:\Users\Kvazar\.m2\repository\org\jetbrains\kotlin\kotlin-stdlib-jdk7\1.7.10\kotlin-stdlib-jdk7-1.7.10.jar;"/>
    <property name="java.vm.vendor" value="Oracle Corporation"/>
    <property name="sun.arch.data.model" value="64"/>
    <property name="user.variant" value=""/>
    <property name="java.vendor.url" value="https://java.oracle.com/"/>
    <property name="user.timezone" value="Europe/Kiev"/>
    <property name="os.name" value="Windows 11"/>
    <property name="java.vm.specification.version" value="17"/>
    <property name="sun.java.launcher" value="SUN_STANDARD"/>
    <property name="user.country" value="UA"/>
    <property name="sun.boot.library.path" value="C:\Program Files\Java\jdk-17\bin"/>
    <property name="sun.java.command" value="C:\Users\Kvazar\AppData\Local\Temp\surefire2851390891147094475\surefirebooter-20250218122738572_3.jar C:\Users\Kvazar\AppData\Local\Temp\surefire2851390891147094475 2025-02-18T12-27-38_359-jvmRun1 surefire-20250218122738572_1tmp surefire_0-20250218122738572_2tmp"/>
    <property name="jdk.debug" value="release"/>
    <property name="surefire.test.class.path" value="C:\Users\Kvazar\Desktop\massanger\target\test-classes;C:\Users\Kvazar\Desktop\massanger\target\classes;C:\Users\Kvazar\.m2\repository\org\openjfx\javafx-controls\20\javafx-controls-20.jar;C:\Users\Kvazar\.m2\repository\org\openjfx\javafx-controls\20\javafx-controls-20-win.jar;C:\Users\Kvazar\.m2\repository\org\openjfx\javafx-graphics\20\javafx-graphics-20.jar;C:\Users\Kvazar\.m2\repository\org\openjfx\javafx-graphics\20\javafx-graphics-20-win.jar;C:\Users\Kvazar\.m2\repository\org\openjfx\javafx-base\20\javafx-base-20.jar;C:\Users\Kvazar\.m2\repository\org\openjfx\javafx-base\20\javafx-base-20-win.jar;C:\Users\Kvazar\.m2\repository\org\openjfx\javafx-web\20\javafx-web-20.jar;C:\Users\Kvazar\.m2\repository\org\openjfx\javafx-web\20\javafx-web-20-win.jar;C:\Users\Kvazar\.m2\repository\org\openjfx\javafx-media\20\javafx-media-20.jar;C:\Users\Kvazar\.m2\repository\org\openjfx\javafx-media\20\javafx-media-20-win.jar;C:\Users\Kvazar\.m2\repository\junit\junit\4.13.2\junit-4.13.2.jar;C:\Users\Kvazar\.m2\repository\org\hamcrest\hamcrest-core\1.3\hamcrest-core-1.3.jar;C:\Users\Kvazar\.m2\repository\io\javalin\javalin\5.1.0\javalin-5.1.0.jar;C:\Users\Kvazar\.m2\repository\org\slf4j\slf4j-api\2.0.3\slf4j-api-2.0.3.jar;C:\Users\Kvazar\.m2\repository\org\eclipse\jetty\jetty-server\11.0.12\jetty-server-11.0.12.jar;C:\Users\Kvazar\.m2\repository\org\eclipse\jetty\toolchain\jetty-jakarta-servlet-api\5.0.2\jetty-jakarta-servlet-api-5.0.2.jar;C:\Users\Kvazar\.m2\repository\org\eclipse\jetty\jetty-http\11.0.12\jetty-http-11.0.12.jar;C:\Users\Kvazar\.m2\repository\org\eclipse\jetty\jetty-util\11.0.12\jetty-util-11.0.12.jar;C:\Users\Kvazar\.m2\repository\org\eclipse\jetty\jetty-io\11.0.12\jetty-io-11.0.12.jar;C:\Users\Kvazar\.m2\repository\org\eclipse\jetty\jetty-webapp\11.0.12\jetty-webapp-11.0.12.jar;C:\Users\Kvazar\.m2\repository\org\eclipse\jetty\jetty-servlet\11.0.12\jetty-servlet-11.0.12.jar;C:\Users\Kvazar\.m2\repository\org\eclipse\jetty\jetty-security\11.0.12\jetty-security-11.0.12.jar;C:\Users\Kvazar\.m2\repository\org\eclipse\jetty\jetty-xml\11.0.12\jetty-xml-11.0.12.jar;C:\Users\Kvazar\.m2\repository\org\eclipse\jetty\websocket\websocket-jetty-server\11.0.12\websocket-jetty-server-11.0.12.jar;C:\Users\Kvazar\.m2\repository\org\eclipse\jetty\websocket\websocket-jetty-common\11.0.12\websocket-jetty-common-11.0.12.jar;C:\Users\Kvazar\.m2\repository\org\eclipse\jetty\websocket\websocket-core-common\11.0.12\websocket-core-common-11.0.12.jar;C:\Users\Kvazar\.m2\repository\org\eclipse\jetty\websocket\websocket-servlet\11.0.12\websocket-servlet-11.0.12.jar;C:\Users\Kvazar\.m2\repository\org\eclipse\jetty\websocket\websocket-core-server\11.0.12\websocket-core-server-11.0.12.jar;C:\Users\Kvazar\.m2\repository\org\eclipse\jetty\jetty-annotations\11.0.12\jetty-annotations-11.0.12.jar;C:\Users\Kvazar\.m2\repository\org\eclipse\jetty\jetty-plus\11.0.12\jetty-plus-11.0.12.jar;C:\Users\Kvazar\.m2\repository\jakarta\transaction\jakarta.transaction-api\2.0.0\jakarta.transaction-api-2.0.0.jar;C:\Users\Kvazar\.m2\repository\org\eclipse\jetty\jetty-jndi\11.0.12\jetty-jndi-11.0.12.jar;C:\Users\Kvazar\.m2\repository\jakarta\annotation\jakarta.annotation-api\2.1.1\jakarta.annotation-api-2.1.1.jar;C:\Users\Kvazar\.m2\repository\org\ow2\asm\asm\9.3\asm-9.3.jar;C:\Users\Kvazar\.m2\repository\org\ow2\asm\asm-commons\9.3\asm-commons-9.3.jar;C:\Users\Kvazar\.m2\repository\org\ow2\asm\asm-tree\9.3\asm-tree-9.3.jar;C:\Users\Kvazar\.m2\repository\org\ow2\asm\asm-analysis\9.3\asm-analysis-9.3.jar;C:\Users\Kvazar\.m2\repository\org\eclipse\jetty\websocket\websocket-jetty-api\11.0.12\websocket-jetty-api-11.0.12.jar;C:\Users\Kvazar\.m2\repository\org\jetbrains\kotlin\kotlin-stdlib-jdk8\1.7.10\kotlin-stdlib-jdk8-1.7.10.jar;C:\Users\Kvazar\.m2\repository\org\jetbrains\kotlin\kotlin-stdlib\1.7.10\kotlin-stdlib-1.7.10.jar;C:\Users\Kvazar\.m2\repository\org\jetbrains\kotlin\kotlin-stdlib-common\1.7.10\kotlin-stdlib-common-1.7.10.jar;C:\Users\Kvazar\.m2\repository\org\jetbrains\annotations\13.0\annotations-13.0.jar;C:\Users\Kvazar\.m2\repository\org\jetbrains\kotlin\kotlin-stdlib-jdk7\1.7.10\kotlin-stdlib-jdk7-1.7.10.jar;"/>
    <property name="sun.cpu.endian" value="little"/>
    <property name="user.home" value="C:\Users\Kvazar"/>
    <property name="user.language" value="uk"/>
    <property name="java.specification.vendor" value="Oracle Corporation"/>
    <property name="java.version.date" value="2024-07-16"/>
    <property name="java.home" value="C:\Program Files\Java\jdk-17"/>
    <property name="file.separator" value="\"/>
    <property name="basedir" value="C:\Users\Kvazar\Desktop\massanger"/>
    <property name="java.vm.compressedOopsMode" value="Zero based"/>
    <property name="line.separator" value="&#10;"/>
    <property name="java.vm.specification.vendor" value="Oracle Corporation"/>
    <property name="java.specification.name" value="Java Platform API Specification"/>
    <property name="surefire.real.class.path" value="C:\Users\Kvazar\AppData\Local\Temp\surefire2851390891147094475\surefirebooter-20250218122738572_3.jar"/>
    <property name="user.script" value=""/>
    <property name="sun.management.compiler" value="HotSpot 64-Bit Tiered Compilers"/>
    <property name="java.runtime.version" value="17.0.12+8-LTS-286"/>
    <property name="user.name" value="Kvazar"/>
    <property name="path.separator" value=";"/>
    <property name="os.version" value="10.0"/>
    <property name="java.runtime.name" value="Java(TM) SE Runtime Environment"/>
    <property name="file.encoding" value="Cp1251"/>
    <property name="java.vm.name" value="Java HotSpot(TM) 64-Bit Server VM"/>
    <property name="localRepository" value="C:\Users\Kvazar\.m2\repository"/>
    <property name="java.vendor.url.bug" value="https://bugreport.java.com/bugreport/"/>
    <property name="java.io.tmpdir" value="C:\Users\Kvazar\AppData\Local\Temp\"/>
    <property name="java.version" value="17.0.12"/>
    <property name="user.dir" value="C:\Users\Kvazar\Desktop\massanger"/>
    <property name="os.arch" value="amd64"/>
    <property name="java.vm.specification.name" value="Java Virtual Machine Specification"/>
    <property name="sun.os.patch.level" value=""/>
    <property name="native.encoding" value="Cp1251"/>
    <property name="java.library.path" value="C:\Program Files\Java\jdk-17\bin;C:\Windows\Sun\Java\bin;C:\Windows\system32;C:\Windows;C:\Program Files\Common Files\Oracle\Java\javapath;C:\Python313\Scripts\;C:\Python313\;C:\Windows\system32;C:\Windows;C:\Windows\System32\Wbem;C:\Windows\System32\WindowsPowerShell\v1.0\;C:\Windows\System32\OpenSSH\;C:\Program Files\Git\cmd;C:\Program Files\nodejs\;C:\ProgramData\chocolatey\bin;C:\Program Files (x86)\Go\bin;C:\Program Files\dotnet\;C:\Users\Kvazar\.cargo\bin;C:\Users\Kvazar\AppData\Local\Microsoft\WindowsApps;C:\Users\Kvazar\AppData\Roaming\npm;C:\Users\Kvazar\AppData\Local\Programs\Microsoft VS Code\bin;C:\Users\Kvazar\go\bin;C:\msys64\mingw64\bin;C:\Users\Kvazar\.dotnet\tools;C:\ffmpeg;C:\Users\Kvazar\AppData\Roaming\Python\Python313\Scripts;C:\my\apache-maven-3.9.9\bin;;."/>
    <property name="java.vm.info" value="mixed mode, sharing"/>
    <property name="java.vendor" value="Oracle Corporation"/>
    <property name="java.vm.version" value="17.0.12+8-LTS-286"/>
    <property name="sun.io.unicode.encoding" value="UnicodeLittle"/>
    <property name="java.class.version" value="61.0"/>
  </properties>
  <testcase name="testApp" classname="com.example.AppTest" time="0.0"/>
</testsuite>